\BOOKMARK [1][]{zahvala.1}{Zahvala}{}% 1
\BOOKMARK [1][]{kazalo-vsebine.1}{Kazalo}{}% 2
\BOOKMARK [1][]{kazalo-slik.1}{Kazalo\040slik}{}% 3
\BOOKMARK [1][]{kazalo-slik.1}{Kazalo\040tabel}{}% 4
\BOOKMARK [1][]{section*.5}{Program\040dela}{}% 5
\BOOKMARK [1][]{abstract.1}{Povzetek}{}% 6
\BOOKMARK [1][]{section.1}{Uvod}{}% 7
\BOOKMARK [2][]{subsection.1.1}{Organizacija\040dela}{section.1}% 8
\BOOKMARK [1][]{section.2}{Obna\235anje\040ovc}{}% 9
\BOOKMARK [2][]{subsection.2.1}{Str\366mbomov\040model}{section.2}% 10
\BOOKMARK [3][]{subsubsection.2.1.1}{Odbojna\040sila}{subsection.2.1}% 11
\BOOKMARK [3][]{subsubsection.2.1.2}{Sila\040zdru\236evanja}{subsection.2.1}% 12
\BOOKMARK [3][]{subsubsection.2.1.3}{\376\377\000S\000i\000l\000a\000\040\000b\000e\000g\000a\000\040\000p\000r\000e\000d\000\040\000o\000v\001\015\000a\000r\000j\000e\000m}{subsection.2.1}% 13
\BOOKMARK [3][]{subsubsection.2.1.4}{\376\377\000I\000z\000r\000a\001\015\000u\000n\000\040\000p\000r\000e\000m\000i\000k\000a}{subsection.2.1}% 14
\BOOKMARK [3][]{subsubsection.2.1.5}{Izogibanje\040ograji}{subsection.2.1}% 15
\BOOKMARK [2][]{subsection.2.2}{Popravljen\040Str\366mbomov\040model\040}{section.2}% 16
\BOOKMARK [2][]{subsection.2.3}{Ginellijev\040model}{section.2}% 17
\BOOKMARK [3][]{subsubsection.2.3.1}{\376\377\000I\000z\000r\000a\001\015\000u\000n\000\040\000s\000m\000e\000r\000i}{subsection.2.3}% 18
\BOOKMARK [3][]{subsubsection.2.3.2}{Sprememba\040stanja\040obna\235anja}{subsection.2.3}% 19
\BOOKMARK [3][]{subsubsection.2.3.3}{\376\377\000B\000e\000g\000\040\000p\000r\000e\000d\000\040\000o\000v\001\015\000a\000r\000j\000e\000m}{subsection.2.3}% 20
\BOOKMARK [1][]{section.3}{\376\377\000R\000o\001\015\000n\000o\000\040\000r\000a\000z\000v\000i\000t\000i\000\040\000m\000o\000d\000e\000l\000\040\000v\000o\000d\000e\000n\000j\000a\000\040\000p\000s\000a\000\040\000o\000v\001\015\000a\000r\000j\000a}{}% 21
\BOOKMARK [2][]{subsection.3.1}{\376\377\000S\000t\000a\000n\000j\000a\000\040\000o\000b\000n\000a\001\141\000a\000n\000j\000a\000\040\000o\000v\001\015\000a\000r\000j\000a}{section.3}% 22
\BOOKMARK [3][]{subsubsection.3.1.1}{\376\377\000S\000t\000a\000n\000j\000e\000\040\000z\000b\000i\000r\000a\000n\000j\000a\000\040\001\015\000r\000e\000d\000e}{subsection.3.1}% 23
\BOOKMARK [3][]{subsubsection.3.1.2}{\376\377\000S\000t\000a\000n\000j\000e\000\040\000v\000o\000d\000e\000n\000j\000a\000\040\001\015\000r\000e\000d\000e}{subsection.3.1}% 24
\BOOKMARK [3][]{subsubsection.3.1.3}{\376\377\000I\000g\000n\000o\000r\000i\000r\000a\000n\000j\000e\000\040\000d\000e\000l\000a\000\040\001\015\000r\000e\000d\000e}{subsection.3.1}% 25
\BOOKMARK [3][]{subsubsection.3.1.4}{\376\377\000S\000t\000a\000n\000j\000e\000\040\000n\000a\000k\000l\000j\000u\001\015\000n\000e\000g\000a\000\040\000p\000r\000e\000m\000i\000k\000a}{subsection.3.1}% 26
\BOOKMARK [3][]{subsubsection.3.1.5}{\376\377\000S\000t\000a\000n\000j\000e\000\040\000p\000r\000e\000m\000i\000k\000a\000\040\000z\000a\000\040\001\015\000r\000e\000d\000o}{subsection.3.1}% 27
\BOOKMARK [3][]{subsubsection.3.1.6}{Izbira\040hitrosti\040gibanja}{subsection.3.1}% 28
\BOOKMARK [2][]{subsection.3.2}{\376\377\000S\000o\000d\000e\000l\000o\000v\000a\000n\000j\000e\000\040\000s\000k\000u\000p\000i\000n\000e\000\040\000o\000v\001\015\000a\000r\000j\000e\000v}{section.3}% 29
\BOOKMARK [2][]{subsection.3.3}{\376\377\000P\000r\000e\000m\000i\000k\000\040\000o\000v\001\015\000a\000r\000j\000a}{section.3}% 30
\BOOKMARK [1][]{section.4}{Model\040vodenja\040razvit\040z\040genetskim\040algoritmom}{}% 31
\BOOKMARK [2][]{subsection.4.1}{Gen\040in\040evalvacija\040uspe\235nosti\040gena}{section.4}% 32
\BOOKMARK [2][]{subsection.4.2}{Nova\040generacija}{section.4}% 33
\BOOKMARK [3][]{subsubsection.4.2.1}{Parjenje}{subsection.4.2}% 34
\BOOKMARK [3][]{subsubsection.4.2.2}{Kri\236anje}{subsection.4.2}% 35
\BOOKMARK [3][]{subsubsection.4.2.3}{Mutacija}{subsection.4.2}% 36
\BOOKMARK [3][]{subsubsection.4.2.4}{Dr\236avno\040tekmovanje}{subsection.4.2}% 37
\BOOKMARK [2][]{subsection.4.3}{Na\235a\040implementacija\040genetskega\040algoritma}{section.4}% 38
\BOOKMARK [1][]{section.5}{Model\040vodenja\040z\040adaptivnim\040genom}{}% 39
\BOOKMARK [2][]{subsection.5.1}{\376\377\000S\000p\000o\000d\000b\000u\000j\000e\000v\000a\000n\000o\000\040\000u\001\015\000e\000n\000j\000e}{section.5}% 40
\BOOKMARK [3][]{subsubsection.5.1.1}{Optimizacija\040z\040bli\236njo\040strategijo}{subsection.5.1}% 41
\BOOKMARK [2][]{subsection.5.2}{Adaptivni\040gen}{section.5}% 42
\BOOKMARK [2][]{subsection.5.3}{Na\235a\040implementacija\040modela}{section.5}% 43
\BOOKMARK [3][]{subsubsection.5.3.1}{Nagrajevanje}{subsection.5.3}% 44
\BOOKMARK [3][]{subsubsection.5.3.2}{Opazovanje\040vrednosti}{subsection.5.3}% 45
\BOOKMARK [1][]{section.6}{\376\377\000P\000r\000o\000g\000r\000a\000m\000\040\000i\000O\000v\001\015\000a\000r\000\040\000I\000Z\000I\000D\000O\000R}{}% 46
\BOOKMARK [1][]{section.7}{Rezultati}{}% 47
\BOOKMARK [2][]{subsection.7.1}{Iskanje\040optimalnega\040gena}{section.7}% 48
\BOOKMARK [2][]{subsection.7.2}{Model\040razvit\040z\040genetskim\040algoritmom}{section.7}% 49
\BOOKMARK [2][]{subsection.7.3}{Model\040z\040adaptivnim\040genom}{section.7}% 50
\BOOKMARK [2][]{subsection.7.4}{Primerjava\040modelov\040vodenja}{section.7}% 51
\BOOKMARK [2][]{subsection.7.5}{Razprava}{section.7}% 52
\BOOKMARK [1][]{section.8}{\376\377\000Z\000a\000k\000l\000j\000u\001\015\000e\000k}{}% 53
\BOOKMARK [1][]{section*.7}{Literatura}{}% 54
