This is pdfTeX, Version 3.14159265-2.6-1.40.21 (MiKTeX 2.9.7400 64-bit) (preloaded format=pdflatex 2020.4.25)  19 MAR 2021 15:56
entering extended mode
**./magisterij.tex
(magisterij.tex
LaTeX2e <2020-02-02> patch level 5
L3 programming layer <2020-04-06>
("C:\Program Files\MiKTeX 2.9\tex/latex/base\article.cls"
Document Class: article 2019/12/20 v1.4l Standard LaTeX document class
("C:\Program Files\MiKTeX 2.9\tex/latex/base\size12.clo"
File: size12.clo 2019/12/20 v1.4l Standard LaTeX file (size option)
)
\c@part=\count167
\c@section=\count168
\c@subsection=\count169
\c@subsubsection=\count170
\c@paragraph=\count171
\c@subparagraph=\count172
\c@figure=\count173
\c@table=\count174
\abovecaptionskip=\skip47
\belowcaptionskip=\skip48
\bibindent=\dimen134
)
("C:\Program Files\MiKTeX 2.9\tex/latex/base\inputenc.sty"
Package: inputenc 2018/08/11 v1.3c Input encoding file
\inpenc@prehook=\toks15
\inpenc@posthook=\toks16
)
(C:\Users\HP\AppData\Roaming\MiKTeX\2.9\tex/latex/natbib\bibentry.sty
Package: bibentry 2007/10/30 1.5 (PWD)
)
\bibdata{../literatura}
(magisterij.bbl
\bibcite{aiba2020suggestion}{1}
\bibcite{comparative}{2}
\bibcite{degond2015continuum}{3}
\bibcite{Demsar}{4}
\bibcite{reinforcement}{5}
\bibcite{Ginelli}{6}
\bibcite{sarsa}{7}
\bibcite{krasevec}{8}
\bibcite{lee2017autonomous}{9}
\bibcite{letalske-chung}{10}
\bibcite{letalske-chung2}{11}
\bibcite{letalske-hudson}{12}
\bibcite{letalske-nesrece}{13}
\bibcite{letalske-nesrece2}{14}
\bibcite{letalske-sully}{15}
\bibcite{lien2005shepherding}{16}
\bibcite{bird-herd}{17}
\bibcite{pierson2015bio}{18}
\bibcite{pierson2017controlling}{19}
\bibcite{boids}{20}
\bibcite{robot-sheperd}{21}
\bibcite{ppo-clanek}{22}
\bibcite{diplomska}{23}
\bibcite{natureOfCode}{24}
\bibcite{Stroembom}{25}
\bibcite{obstacles}{26}
)
(C:\Users\HP\AppData\Roaming\MiKTeX\2.9\tex/latex/filecontents\filecontents.sty
Package: filecontents 2019/09/20 v1.5 Create an external file from within a LaT
eX document

Package filecontents Warning: This package is obsolete. Disabling it and
(filecontents)                passing control to the filecontents environment
(filecontents)                defined by the LaTeX kernel.

) (C:\Users\HP\AppData\Roaming\MiKTeX\2.9\tex/latex/silence\silence.sty
Package: silence 2012/07/02 v1.5b Selective filtering of warnings and error mes
sages
\sl@Save=\count175
\sl@StateNumber=\count176
\sl@MessageCount=\count177
\sl@Casualties=\count178
\sl@Filter=\toks17
\sl@Message=\toks18
\sl@UnexpandedMessage=\toks19
\sl@Mess@ge=\toks20
\sl@WarningCount=\count179
\sl@WarningNumber=\count180
\sl@WarningCasualties=\count181
\sl@TempBOW=\toks21
\sl@BankOfWarnings=\toks22
LaTeX Info: Redefining \GenericWarning on input line 433.
\sl@ErrorCount=\count182
\sl@ErrorNumber=\count183
\sl@ErrorCasualties=\count184
\sl@TempBOE=\toks23
\sl@BankOfErrors=\toks24
LaTeX Info: Redefining \GenericError on input line 601.
)

LaTeX Warning: File `magisterij.xmpdata' already exists on the system.
               Not generating it from this source.

(C:\Users\HP\AppData\Roaming\MiKTeX\2.9\tex/latex/pdfx\pdfx.sty
Package: pdfx 2019/02/27 v1.6.3 PDF/X and PDF/A support (CVR/HTH/RRM/PS)
\pdfx@minorversion=\count185

("C:\Program Files\MiKTeX 2.9\tex/generic/iftex\iftex.sty"
Package: iftex 2020/03/06 v1.0d TeX engine tests
)
("C:\Program Files\MiKTeX 2.9\tex/generic/iftex\ifpdf.sty"
Package: ifpdf 2019/10/25 v3.4 ifpdf legacy package. Use iftex instead.
)
("C:\Program Files\MiKTeX 2.9\tex/generic/iftex\ifxetex.sty"
Package: ifxetex 2019/10/25 v0.7 ifxetex legacy package. Use iftex instead.
)
("C:\Program Files\MiKTeX 2.9\tex/latex/ms\everyshi.sty"
Package: everyshi 2001/05/15 v3.00 EveryShipout Package (MS)
)
("C:\Program Files\MiKTeX 2.9\tex/generic/iftex\ifluatex.sty"
Package: ifluatex 2019/10/25 v1.5 ifluatex legacy package. Use iftex instead.
){C:/Users/HP/AppData/Local/MiKTeX/2.9/pdftex/config/pdftex.map}
(C:\Users\HP\AppData\Roaming\MiKTeX\2.9\tex/latex/pdfx\l8u-penc.def
File: l8u-penc.def 2017/06/23 v0.8 Custom LaTeX file, for UTF8 encoded letters 
and symbols
LaTeX Info: Composite with undeclared \b in encoding L8U on input line 278.
)
\pdfxsafeforxmp@toks=\toks25

("C:\Program Files\MiKTeX 2.9\tex/latex/xcolor\xcolor.sty"
Package: xcolor 2016/05/11 v2.12 LaTeX color extensions (UK)

("C:\Program Files\MiKTeX 2.9\tex/latex/graphics-cfg\color.cfg"
File: color.cfg 2016/01/02 v1.6 sample color configuration
)
Package xcolor Info: Driver file: pdftex.def on input line 225.

("C:\Program Files\MiKTeX 2.9\tex/latex/graphics-def\pdftex.def"
File: pdftex.def 2018/01/08 v1.0l Graphics/color driver for pdftex
)
Package xcolor Info: Model `cmy' substituted by `cmy0' on input line 1348.
Package xcolor Info: Model `hsb' substituted by `rgb' on input line 1352.
Package xcolor Info: Model `RGB' extended on input line 1364.
Package xcolor Info: Model `HTML' substituted by `rgb' on input line 1366.
Package xcolor Info: Model `Hsb' substituted by `hsb' on input line 1367.
Package xcolor Info: Model `tHsb' substituted by `hsb' on input line 1368.
Package xcolor Info: Model `HSB' substituted by `hsb' on input line 1369.
Package xcolor Info: Model `Gray' substituted by `gray' on input line 1370.
Package xcolor Info: Model `wave' substituted by `hsb' on input line 1371.
)
\pdfx@tmptoks=\toks26

("C:\Program Files\MiKTeX 2.9\tex/latex/hyperref\hyperref.sty"
Package: hyperref 2020/01/14 v7.00d Hypertext links for LaTeX

(C:\Users\HP\AppData\Roaming\MiKTeX\2.9\tex/generic/ltxcmds\ltxcmds.sty
Package: ltxcmds 2019/12/15 v1.24 LaTeX kernel commands for general use (HO)
)
("C:\Program Files\MiKTeX 2.9\tex/latex/pdftexcmds\pdftexcmds.sty"
Package: pdftexcmds 2019/11/24 v0.31 Utility functions of pdfTeX for LuaTeX (HO
)

(C:\Users\HP\AppData\Roaming\MiKTeX\2.9\tex/generic/infwarerr\infwarerr.sty
Package: infwarerr 2019/12/03 v1.5 Providing info/warning/error messages (HO)
)
Package pdftexcmds Info: \pdf@primitive is available.
Package pdftexcmds Info: \pdf@ifprimitive is available.
Package pdftexcmds Info: \pdfdraftmode found.
)
("C:\Program Files\MiKTeX 2.9\tex/latex/graphics\keyval.sty"
Package: keyval 2014/10/28 v1.15 key=value parser (DPC)
\KV@toks@=\toks27
)
(C:\Users\HP\AppData\Roaming\MiKTeX\2.9\tex/generic/kvsetkeys\kvsetkeys.sty
Package: kvsetkeys 2019/12/15 v1.18 Key value parser (HO)
)
(C:\Users\HP\AppData\Roaming\MiKTeX\2.9\tex/generic/kvdefinekeys\kvdefinekeys.s
ty
Package: kvdefinekeys 2019-12-19 v1.6 Define keys (HO)
) (C:\Users\HP\AppData\Roaming\MiKTeX\2.9\tex/generic/pdfescape\pdfescape.sty
Package: pdfescape 2019/12/09 v1.15 Implements pdfTeX's escape features (HO)
) (C:\Users\HP\AppData\Roaming\MiKTeX\2.9\tex/latex/hycolor\hycolor.sty
Package: hycolor 2020-01-27 v1.10 Color options for hyperref/bookmark (HO)
)
(C:\Users\HP\AppData\Roaming\MiKTeX\2.9\tex/latex/letltxmacro\letltxmacro.sty
Package: letltxmacro 2019/12/03 v1.6 Let assignment for LaTeX macros (HO)
)
(C:\Users\HP\AppData\Roaming\MiKTeX\2.9\tex/latex/auxhook\auxhook.sty
Package: auxhook 2019-12-17 v1.6 Hooks for auxiliary files (HO)
)
(C:\Users\HP\AppData\Roaming\MiKTeX\2.9\tex/latex/kvoptions\kvoptions.sty
Package: kvoptions 2019/11/29 v3.13 Key value format for package options (HO)
)
\@linkdim=\dimen135
\Hy@linkcounter=\count186
\Hy@pagecounter=\count187

("C:\Program Files\MiKTeX 2.9\tex/latex/hyperref\pd1enc.def"
File: pd1enc.def 2020/01/14 v7.00d Hyperref: PDFDocEncoding definition (HO)
)
(C:\Users\HP\AppData\Roaming\MiKTeX\2.9\tex/generic/intcalc\intcalc.sty
Package: intcalc 2019/12/15 v1.3 Expandable calculations with integers (HO)
)
(C:\Users\HP\AppData\Roaming\MiKTeX\2.9\tex/generic/etexcmds\etexcmds.sty
Package: etexcmds 2019/12/15 v1.7 Avoid name clashes with e-TeX commands (HO)
)
\Hy@SavedSpaceFactor=\count188
Package hyperref Info: Option `pdfa' set `true' on input line 4421.
Package hyperref Info: Hyper figures OFF on input line 4547.
Package hyperref Info: Link nesting OFF on input line 4552.
Package hyperref Info: Hyper index ON on input line 4555.
Package hyperref Info: Plain pages OFF on input line 4562.
Package hyperref Info: Backreferencing OFF on input line 4567.
Package hyperref Info: Implicit mode ON; LaTeX internals redefined.
Package hyperref Info: Bookmarks ON on input line 4800.
\c@Hy@tempcnt=\count189

("C:\Program Files\MiKTeX 2.9\tex/latex/url\url.sty"
\Urlmuskip=\muskip16
Package: url 2013/09/16  ver 3.4  Verb mode for urls, etc.
)
LaTeX Info: Redefining \url on input line 5159.
\XeTeXLinkMargin=\dimen136

(C:\Users\HP\AppData\Roaming\MiKTeX\2.9\tex/generic/bitset\bitset.sty
Package: bitset 2019/12/09 v1.3 Handle bit-vector datatype (HO)

(C:\Users\HP\AppData\Roaming\MiKTeX\2.9\tex/generic/bigintcalc\bigintcalc.sty
Package: bigintcalc 2019/12/15 v1.5 Expandable calculations on big integers (HO
)
))
\Fld@menulength=\count190
\Field@Width=\dimen137
\Fld@charsize=\dimen138
Package hyperref Info: Hyper figures OFF on input line 6430.
Package hyperref Info: Link nesting OFF on input line 6435.
Package hyperref Info: Hyper index ON on input line 6438.
Package hyperref Info: backreferencing OFF on input line 6445.
Package hyperref Info: Link coloring OFF on input line 6450.
Package hyperref Info: Link coloring with OCG OFF on input line 6455.
Package hyperref Info: PDF/A mode ON on input line 6458.
LaTeX Info: Redefining \ref on input line 6500.
LaTeX Info: Redefining \pageref on input line 6504.
(C:\Users\HP\AppData\Roaming\MiKTeX\2.9\tex/generic/atbegshi\atbegshi.sty
Package: atbegshi 2019/12/05 v1.19 At begin shipout hook (HO)
)
\Hy@abspage=\count191
\c@Item=\count192
\c@Hfootnote=\count193
)
Package hyperref Info: Driver: hpdftex.

("C:\Program Files\MiKTeX 2.9\tex/latex/hyperref\hpdftex.def"
File: hpdftex.def 2020/01/14 v7.00d Hyperref driver for pdfTeX

(C:\Users\HP\AppData\Roaming\MiKTeX\2.9\tex/latex/atveryend\atveryend.sty
Package: atveryend 2019-12-11 v1.11 Hooks at the very end of document (HO)
Package atveryend Info: \enddocument detected (standard20110627).
)
\Fld@listcount=\count194
\c@bookmark@seq@number=\count195

(C:\Users\HP\AppData\Roaming\MiKTeX\2.9\tex/latex/rerunfilecheck\rerunfilecheck
.sty
Package: rerunfilecheck 2019/12/05 v1.9 Rerun checks for auxiliary files (HO)

(C:\Users\HP\AppData\Roaming\MiKTeX\2.9\tex/generic/uniquecounter\uniquecounter
.sty
Package: uniquecounter 2019/12/15 v1.4 Provide unlimited unique counter (HO)
)
Package uniquecounter Info: New unique counter `rerunfilecheck' on input line 2
86.
)
\Hy@SectionHShift=\skip49
)
Package hyperref Info: Option `unicode' set `true' on input line 1463.
 ("C:\Program Files\MiKTeX 2.9\tex/latex/hyperref\puenc.def"
File: puenc.def 2020/01/14 v7.00d Hyperref: PDF Unicode definition (HO)
)
(C:\Users\HP\AppData\Roaming\MiKTeX\2.9\tex/generic/stringenc\stringenc.sty
Package: stringenc 2019/11/29 v1.12 Convert strings between diff. encodings (HO
)
)
Package hyperref Info: Option `psdextra' set `true' on input line 1465.

("C:\Program Files\MiKTeX 2.9\tex/latex/hyperref\psdextra.def"
File: psdextra.def 2020/01/14 v7.00d Hyperref: Additions to PDF string support
)
(C:\Users\HP\AppData\Roaming\MiKTeX\2.9\tex/generic/colorprofiles\colorprofiles
.sty
Package: colorprofiles 2018/11/01 v1.0.1 color profiles for PDF/X and PDF/A sup
port

(C:\Users\HP\AppData\Roaming\MiKTeX\2.9\tex/generic/colorprofiles\colorprofiles
.tex))
(C:\Users\HP\AppData\Roaming\MiKTeX\2.9\tex/generic/stringenc\se-pdfdoc.def
File: se-pdfdoc.def 2019/11/29 v1.12 stringenc: PDFDocEncoding
)
(C:\Users\HP\AppData\Roaming\MiKTeX\2.9\tex/latex/pdfx\AdobeColorProfiles.tex)
(C:\Users\HP\AppData\Roaming\MiKTeX\2.9\tex/latex/pdfx\8bit.def
File: 8bit.def 2008/03/30 v1.1d Input encoding file
)
** pdfx: Metadata file magisterij.xmpdata read successfully.
(magisterij.xmpdata)<<sRGB.icc>>
(C:\Users\HP\AppData\Roaming\MiKTeX\2.9\tex/latex/pdfx\8bit.def
File: 8bit.def 2008/03/30 v1.1d Input encoding file
)
(C:\Users\HP\AppData\Roaming\MiKTeX\2.9\tex/latex/pdfx\8bit.def
File: 8bit.def 2008/03/30 v1.1d Input encoding file
)
(C:\Users\HP\AppData\Roaming\MiKTeX\2.9\tex/generic/stringenc\se-utf8.def
File: se-utf8.def 2019/11/29 v1.12 stringenc: UTF-8
)
(C:\Users\HP\AppData\Roaming\MiKTeX\2.9\tex/latex/pdfx\8bit.def
File: 8bit.def 2008/03/30 v1.1d Input encoding file
)
Package hyperref Info: Option `unicode' set `true' on input line 2411.
Package hyperref Info: Option `unicode' set `true' on input line 2412.

(C:\Users\HP\AppData\Roaming\MiKTeX\2.9\tex/latex/pdfx\8bit.def
File: 8bit.def 2008/03/30 v1.1d Input encoding file
)
(C:\Users\HP\AppData\Roaming\MiKTeX\2.9\tex/latex/pdfx\8bit.def
File: 8bit.def 2008/03/30 v1.1d Input encoding file
)
("C:\Program Files\MiKTeX 2.9\tex/generic/pdftex\glyphtounicode.tex")
(C:\Users\HP\AppData\Roaming\MiKTeX\2.9\tex/latex/pdfx\glyphtounicode-cmr.tex)
(C:\Users\HP\AppData\Roaming\MiKTeX\2.9\tex/latex/pdfx\glyphtounicode-ntx.tex)
("C:\Program Files\MiKTeX 2.9\tex/latex/base\ifthen.sty"
Package: ifthen 2014/09/29 v1.1c Standard LaTeX ifthen package (DPC)
)
(C:\Users\HP\AppData\Roaming\MiKTeX\2.9\tex/latex/xmpincl\xmpincl.sty
Package: xmpincl 2008/05/10 v2.2 Include XMP data in pdflatex
)
(C:\Users\HP\AppData\Roaming\MiKTeX\2.9\tex/latex/pdfx\8bit.def
File: 8bit.def 2008/03/30 v1.1d Input encoding file
)
Using XMP template file: pdfa.xmp
\xmpinclWrite=\write3
\xmpinclRead=\read2
\openout3 = `pdfa.xmpi'.

<<pdfa.xmpi>>)
Package hyperref Info: Option `bookmarksopen' set `true' on input line 28.
Package hyperref Info: Option `colorlinks' set `true' on input line 28.
Package hyperref Info: Option `unicode' set `true' on input line 28.
Package hyperref Info: Option `breaklinks' set `true' on input line 28.
Package hyperref Info: Option `psdextra' set `true' on input line 28.
 ("C:\Program Files\MiKTeX 2.9\tex/generic/babel\babel.sty"
Package: babel 2020/03/22 3.42 The Babel package

("C:\Program Files\MiKTeX 2.9\tex/generic/babel\switch.def"
File: switch.def 2020/03/22 3.42 Babel switching mechanism
)
*************************************
* Local config file bblopts.cfg used
*
("C:\Program Files\MiKTeX 2.9\tex/latex/arabi\bblopts.cfg"
File: bblopts.cfg 2005/09/08 v0.1 add Arabic and Farsi to "declared" options of
 babel
)
(C:\Users\HP\AppData\Roaming\MiKTeX\2.9\tex/latex/babel-slovenian\slovene.ldf
Language: slovene 2005/03/31 v1.2m Slovene support from the babel system

("C:\Program Files\MiKTeX 2.9\tex/generic/babel\babel.def"
File: babel.def 2020/03/22 3.42 Babel common definitions
\babel@savecnt=\count196
\U@D=\dimen139

("C:\Program Files\MiKTeX 2.9\tex/generic/babel\txtbabel.def")
\bbl@readstream=\read3
\bbl@dirlevel=\count197
)
Package babel Info: Making " an active character on input line 79.
))
("C:\Program Files\MiKTeX 2.9\tex/latex/base\fontenc.sty"
Package: fontenc 2020/02/11 v2.0o Standard LaTeX package
)
("C:\Program Files\MiKTeX 2.9\tex/latex/amsmath\amsmath.sty"
Package: amsmath 2020/01/20 v2.17e AMS math features
\@mathmargin=\skip50

For additional information on amsmath, use the `?' option.
("C:\Program Files\MiKTeX 2.9\tex/latex/amsmath\amstext.sty"
Package: amstext 2000/06/29 v2.01 AMS text

("C:\Program Files\MiKTeX 2.9\tex/latex/amsmath\amsgen.sty"
File: amsgen.sty 1999/11/30 v2.0 generic functions
\@emptytoks=\toks28
\ex@=\dimen140
))
("C:\Program Files\MiKTeX 2.9\tex/latex/amsmath\amsbsy.sty"
Package: amsbsy 1999/11/29 v1.2d Bold Symbols
\pmbraise@=\dimen141
)
("C:\Program Files\MiKTeX 2.9\tex/latex/amsmath\amsopn.sty"
Package: amsopn 2016/03/08 v2.02 operator names
)
\inf@bad=\count198
LaTeX Info: Redefining \frac on input line 227.
\uproot@=\count199
\leftroot@=\count266
LaTeX Info: Redefining \overline on input line 389.
\classnum@=\count267
\DOTSCASE@=\count268
LaTeX Info: Redefining \ldots on input line 486.
LaTeX Info: Redefining \dots on input line 489.
LaTeX Info: Redefining \cdots on input line 610.
\Mathstrutbox@=\box45
\strutbox@=\box46
\big@size=\dimen142
LaTeX Font Info:    Redeclaring font encoding OML on input line 733.
LaTeX Font Info:    Redeclaring font encoding OMS on input line 734.
\macc@depth=\count269
\c@MaxMatrixCols=\count270
\dotsspace@=\muskip17
\c@parentequation=\count271
\dspbrk@lvl=\count272
\tag@help=\toks29
\row@=\count273
\column@=\count274
\maxfields@=\count275
\andhelp@=\toks30
\eqnshift@=\dimen143
\alignsep@=\dimen144
\tagshift@=\dimen145
\tagwidth@=\dimen146
\totwidth@=\dimen147
\lineht@=\dimen148
\@envbody=\toks31
\multlinegap=\skip51
\multlinetaggap=\skip52
\mathdisplay@stack=\toks32
LaTeX Info: Redefining \[ on input line 2859.
LaTeX Info: Redefining \] on input line 2860.
)
("C:\Program Files\MiKTeX 2.9\tex/latex/amsfonts\amssymb.sty"
Package: amssymb 2013/01/14 v3.01 AMS font symbols

("C:\Program Files\MiKTeX 2.9\tex/latex/amsfonts\amsfonts.sty"
Package: amsfonts 2013/01/14 v3.01 Basic AMSFonts support
\symAMSa=\mathgroup4
\symAMSb=\mathgroup5
LaTeX Font Info:    Redeclaring math symbol \hbar on input line 98.
LaTeX Font Info:    Overwriting math alphabet `\mathfrak' in version `bold'
(Font)                  U/euf/m/n --> U/euf/b/n on input line 106.
))
(C:\Users\HP\AppData\Roaming\MiKTeX\2.9\tex/latex/amscls\amsthm.sty
Package: amsthm 2017/10/31 v2.20.4
\thm@style=\toks33
\thm@bodyfont=\toks34
\thm@headfont=\toks35
\thm@notefont=\toks36
\thm@headpunct=\toks37
\thm@preskip=\skip53
\thm@postskip=\skip54
\thm@headsep=\skip55
\dth@everypar=\toks38
)
("C:\Program Files\MiKTeX 2.9\tex/latex/graphics\graphicx.sty"
Package: graphicx 2019/11/30 v1.2a Enhanced LaTeX Graphics (DPC,SPQR)

("C:\Program Files\MiKTeX 2.9\tex/latex/graphics\graphics.sty"
Package: graphics 2019/11/30 v1.4a Standard LaTeX Graphics (DPC,SPQR)

("C:\Program Files\MiKTeX 2.9\tex/latex/graphics\trig.sty"
Package: trig 2016/01/03 v1.10 sin cos tan (DPC)
)
("C:\Program Files\MiKTeX 2.9\tex/latex/graphics-cfg\graphics.cfg"
File: graphics.cfg 2016/06/04 v1.11 sample graphics configuration
)
Package graphics Info: Driver file: pdftex.def on input line 105.
)
\Gin@req@height=\dimen149
\Gin@req@width=\dimen150
)
(C:\Users\HP\AppData\Roaming\MiKTeX\2.9\tex/latex/emptypage\emptypage.sty
Package: emptypage 2010/05/30 v1.2 Suppress page numbers and headings on empty 
pages
)
(C:\Users\HP\AppData\Roaming\MiKTeX\2.9\tex/latex/units\units.sty
Package: units 1998/08/04 v0.9b Typesetting units

(C:\Users\HP\AppData\Roaming\MiKTeX\2.9\tex/latex/units\nicefrac.sty
Package: nicefrac 1998/08/04 v0.9b Nice fractions
\L@UnitsRaiseDisplaystyle=\skip56
\L@UnitsRaiseTextstyle=\skip57
\L@UnitsRaiseScriptstyle=\skip58
))
("C:\Program Files\MiKTeX 2.9\tex/latex/base\makeidx.sty"
Package: makeidx 2014/09/29 v1.0m Standard LaTeX package
)
\@indexfile=\write4
\openout4 = `magisterij.idx'.


Writing index file magisterij.idx
(C:\Users\HP\AppData\Roaming\MiKTeX\2.9\tex/latex/geometry\geometry.sty
Package: geometry 2020/01/02 v5.9 Page Geometry

("C:\Program Files\MiKTeX 2.9\tex/generic/iftex\ifvtex.sty"
Package: ifvtex 2019/10/25 v1.7 ifvtex legacy package. Use iftex instead.
)
\Gm@cnth=\count276
\Gm@cntv=\count277
\c@Gm@tempcnt=\count278
\Gm@bindingoffset=\dimen151
\Gm@wd@mp=\dimen152
\Gm@odd@mp=\dimen153
\Gm@even@mp=\dimen154
\Gm@layoutwidth=\dimen155
\Gm@layoutheight=\dimen156
\Gm@layouthoffset=\dimen157
\Gm@layoutvoffset=\dimen158
\Gm@dimlist=\toks39

(C:\Users\HP\AppData\Roaming\MiKTeX\2.9\tex/latex/geometry\geometry.cfg))
(C:\Users\HP\AppData\Roaming\MiKTeX\2.9\tex/latex/algorithmicx\algpseudocode.st
y
Package: algpseudocode 

(C:\Users\HP\AppData\Roaming\MiKTeX\2.9\tex/latex/algorithmicx\algorithmicx.sty
Package: algorithmicx 2005/04/27 v1.2 Algorithmicx
Document Style algorithmicx 1.2 - a greatly improved `algorithmic' style
\c@ALG@line=\count279
\c@ALG@rem=\count280
\c@ALG@nested=\count281
\ALG@tlm=\skip59
\ALG@thistlm=\skip60
\c@ALG@Lnr=\count282
\c@ALG@blocknr=\count283
\c@ALG@storecount=\count284
\c@ALG@tmpcounter=\count285
\ALG@tmplength=\skip61
)
Document Style - pseudocode environments for use with the `algorithmicx' style
) (C:\Users\HP\AppData\Roaming\MiKTeX\2.9\tex/latex/algorithms\algorithm.sty
Package: algorithm 2009/08/24 v0.1 Document Style `algorithm' - floating enviro
nment

(C:\Users\HP\AppData\Roaming\MiKTeX\2.9\tex/latex/float\float.sty
Package: float 2001/11/08 v1.3d Float enhancements (AL)
\c@float@type=\count286
\float@exts=\toks40
\float@box=\box47
\@float@everytoks=\toks41
\@floatcapt=\box48
)
\@float@every@algorithm=\toks42
\c@algorithm=\count287
)
\c@definicija=\count288
\c@aksiom=\count289

("C:\Program Files\MiKTeX 2.9\tex/latex/l3backend\l3backend-pdfmode.def"
File: l3backend-pdfmode.def 2020-03-12 L3 backend support: PDF mode
\l__kernel_color_stack_int=\count290
\l__pdf_internal_box=\box49
)
(magisterij.aux)
\openout1 = `magisterij.aux'.

LaTeX Font Info:    Checking defaults for OML/cmm/m/it on input line 69.
LaTeX Font Info:    ... okay on input line 69.
LaTeX Font Info:    Checking defaults for OMS/cmsy/m/n on input line 69.
LaTeX Font Info:    ... okay on input line 69.
LaTeX Font Info:    Checking defaults for OT1/cmr/m/n on input line 69.
LaTeX Font Info:    ... okay on input line 69.
LaTeX Font Info:    Checking defaults for T1/cmr/m/n on input line 69.
LaTeX Font Info:    ... okay on input line 69.
LaTeX Font Info:    Checking defaults for TS1/cmr/m/n on input line 69.
LaTeX Font Info:    ... okay on input line 69.
LaTeX Font Info:    Checking defaults for OMX/cmex/m/n on input line 69.
LaTeX Font Info:    ... okay on input line 69.
LaTeX Font Info:    Checking defaults for U/cmr/m/n on input line 69.
LaTeX Font Info:    ... okay on input line 69.
LaTeX Font Info:    Checking defaults for PD1/pdf/m/n on input line 69.
LaTeX Font Info:    ... okay on input line 69.
LaTeX Font Info:    Checking defaults for PU/pdf/m/n on input line 69.
LaTeX Font Info:    ... okay on input line 69.
 ABD: EveryShipout initializing macros
("C:\Program Files\MiKTeX 2.9\tex/context/base/mkii\supp-pdf.mkii"
[Loading MPS to PDF converter (version 2006.09.02).]
\scratchcounter=\count291
\scratchdimen=\dimen159
\scratchbox=\box50
\nofMPsegments=\count292
\nofMParguments=\count293
\everyMPshowfont=\toks43
\MPscratchCnt=\count294
\MPscratchDim=\dimen160
\MPnumerator=\count295
\makeMPintoPDFobject=\count296
\everyMPtoPDFconversion=\toks44
) ("C:\Program Files\MiKTeX 2.9\tex/latex/epstopdf-pkg\epstopdf-base.sty"
Package: epstopdf-base 2020-01-24 v2.11 Base part for package epstopdf
Package epstopdf-base Info: Redefining graphics rule for `.eps' on input line 4
85.
)
\AtBeginShipoutBox=\box51
Package hyperref Info: Link coloring ON on input line 69.

("C:\Program Files\MiKTeX 2.9\tex/latex/hyperref\nameref.sty"
Package: nameref 2019/09/16 v2.46 Cross-referencing by name of section

(C:\Users\HP\AppData\Roaming\MiKTeX\2.9\tex/latex/refcount\refcount.sty
Package: refcount 2019/12/15 v3.6 Data extraction from label references (HO)
)
(C:\Users\HP\AppData\Roaming\MiKTeX\2.9\tex/generic/gettitlestring\gettitlestri
ng.sty
Package: gettitlestring 2019/12/15 v1.6 Cleanup title references (HO)
)
\c@section@level=\count297
)
LaTeX Info: Redefining \ref on input line 69.
LaTeX Info: Redefining \pageref on input line 69.
LaTeX Info: Redefining \nameref on input line 69.
 (magisterij.out) (magisterij.out)
\@outlinefile=\write5
\openout5 = `magisterij.out'.


*geometry* driver: auto-detecting
*geometry* detected driver: pdftex
*geometry* verbose mode - [ preamble ] result:
* driver: pdftex
* paper: a4paper
* layout: <same size as paper>
* layoutoffset:(h,v)=(0.0pt,0.0pt)
* modes: twoside 
* h-part:(L,W,R)=(99.58464pt, 426.79135pt, 71.13188pt)
* v-part:(T,H,B)=(85.35826pt, 674.33032pt, 85.35826pt)
* \paperwidth=597.50787pt
* \paperheight=845.04684pt
* \textwidth=426.79135pt
* \textheight=674.33032pt
* \oddsidemargin=27.31465pt
* \evensidemargin=-1.1381pt
* \topmargin=-23.91173pt
* \headheight=12.0pt
* \headsep=25.0pt
* \topskip=12.0pt
* \footskip=40.0pt
* \marginparwidth=85.0pt
* \marginparsep=10.0pt
* \columnsep=10.0pt
* \skip\footins=10.8pt plus 4.0pt minus 2.0pt
* \hoffset=0.0pt
* \voffset=0.0pt
* \mag=1000
* \@twocolumnfalse
* \@twosidetrue
* \@mparswitchtrue
* \@reversemarginfalse
* (1in=72.27pt=25.4mm, 1cm=28.453pt)

LaTeX Font Info:    Trying to load font information for U+msa on input line 77.

("C:\Program Files\MiKTeX 2.9\tex/latex/amsfonts\umsa.fd"
File: umsa.fd 2013/01/14 v3.01 AMS symbols A
)
LaTeX Font Info:    Trying to load font information for U+msb on input line 77.


("C:\Program Files\MiKTeX 2.9\tex/latex/amsfonts\umsb.fd"
File: umsb.fd 2013/01/14 v3.01 AMS symbols B
) [1

] [2

] [3] [4

]
(magisterij.toc [5])
\tf@toc=\write6
\openout6 = `magisterij.toc'.

 [6] (magisterij.lof)
\tf@lof=\write7
\openout7 = `magisterij.lof'.

 (magisterij.lot)
\tf@lot=\write8
\openout8 = `magisterij.lot'.

 [7

pdfTeX warning (ext4): destination with the same identifier (name{kazalo-slik.1
}) has been already used, duplicate ignored

\@EveryShipout@Output ...@Org@Shipout \box \@cclv 
                                                  
l.123 \cleardoublepage
                      ] [8

] [9] [10

] [11] [12

] (../poglavja/uvod.tex
Underfull \vbox (badness 10000) has occurred while \output is active []

 [1

])
(../poglavja/ovce.tex [2]
<../poglavja/images/simulacijsko_okolje.pdf, id=440, 847.89214pt x 600.35315pt>

File: ../poglavja/images/simulacijsko_okolje.pdf Graphic file (type pdf)
<use ../poglavja/images/simulacijsko_okolje.pdf>
Package pdftex.def Info: ../poglavja/images/simulacijsko_okolje.pdf  used on in
put line 6.
(pdftex.def)             Requested size: 298.75264pt x 211.52832pt.
 [3

pdfTeX warning (ext4): destination with the same identifier (name{figure.1}) ha
s been already used, duplicate ignored

\@EveryShipout@Output ...@Org@Shipout \box \@cclv 
                                                  
l.20 
      <../poglavja/images/simulacijsko_okolje.pdf>]
<../poglavja/images/boids.pdf, id=456, 847.89214pt x 600.35315pt>
File: ../poglavja/images/boids.pdf Graphic file (type pdf)
<use ../poglavja/images/boids.pdf>
Package pdftex.def Info: ../poglavja/images/boids.pdf  used on input line 23.
(pdftex.def)             Requested size: 298.75264pt x 211.52832pt.
<../poglavja/images/stroembom_odboj.pdf, id=458, 435.89388pt x 323.69112pt>
File: ../poglavja/images/stroembom_odboj.pdf Graphic file (type pdf)
<use ../poglavja/images/stroembom_odboj.pdf>
Package pdftex.def Info: ../poglavja/images/stroembom_odboj.pdf  used on input 
line 38.
(pdftex.def)             Requested size: 209.1301pt x 155.29587pt.
 [4pdfTeX warning (ext4): destination with the same identifier (name{figure.2})
 has been already used, duplicate ignored

\@EveryShipout@Output ...@Org@Shipout \box \@cclv 
                                                  
l.48 \end{align}
                 <../poglavja/images/boids.pdf>]
<../poglavja/images/stroembom_zblizevanje.pdf, id=497, 435.89388pt x 323.69112p
t>
File: ../poglavja/images/stroembom_zblizevanje.pdf Graphic file (type pdf)
<use ../poglavja/images/stroembom_zblizevanje.pdf>
Package pdftex.def Info: ../poglavja/images/stroembom_zblizevanje.pdf  used on 
input line 58.
(pdftex.def)             Requested size: 209.1301pt x 155.29587pt.
 [5pdfTeX warning (ext4): destination with the same identifier (name{figure.3})
 has been already used, duplicate ignored

\@EveryShipout@Output ...@Org@Shipout \box \@cclv 
                                                  
l.68 \end{align}
                pdfTeX warning (ext4): destination with the same identifier (na
me{figure.4}) has been already used, duplicate ignored

\@EveryShipout@Output ...@Org@Shipout \box \@cclv 
                                                  
l.68 \end{align}
                 <../poglavja/images/stroembom_odboj.pdf> <../poglavja/images/s
troembom_zblizevanje.pdf

pdfTeX warning: pdflatex.exe (file ../poglavja/images/stroembom_zblizevanje.pdf
): PDF inclusion: multiple pdfs with page group included in a single page
>]
<../poglavja/images/stroembom_beg.pdf, id=526, 435.89388pt x 323.69112pt>
File: ../poglavja/images/stroembom_beg.pdf Graphic file (type pdf)
<use ../poglavja/images/stroembom_beg.pdf>
Package pdftex.def Info: ../poglavja/images/stroembom_beg.pdf  used on input li
ne 73.
(pdftex.def)             Requested size: 209.1301pt x 155.29587pt.
 [6pdfTeX warning (ext4): destination with the same identifier (name{figure.5})
 has been already used, duplicate ignored

\@EveryShipout@Output ...@Org@Shipout \box \@cclv 
                                                  
l.117 
       <../poglavja/images/stroembom_beg.pdf>] [7pdfTeX warning (ext4): destina
tion with the same identifier (name{table.1}) has been already used, duplicate 
ignored

\@EveryShipout@Output ...@Org@Shipout \box \@cclv 
                                                  
l.123 
      ]
<../poglavja/images/stroembom-creda.png, id=581, 904.88063pt x 558.58687pt>
File: ../poglavja/images/stroembom-creda.png Graphic file (type png)
<use ../poglavja/images/stroembom-creda.png>
Package pdftex.def Info: ../poglavja/images/stroembom-creda.png  used on input 
line 128.
(pdftex.def)             Requested size: 221.93332pt x 136.9956pt.
<../poglavja/images/popravljen-stroembom-creda.png, id=583, 808.52063pt x 548.8
0031pt>
File: ../poglavja/images/popravljen-stroembom-creda.png Graphic file (type png)

<use ../poglavja/images/popravljen-stroembom-creda.png>
Package pdftex.def Info: ../poglavja/images/popravljen-stroembom-creda.png  use
d on input line 129.
(pdftex.def)             Requested size: 200.59245pt x 136.15298pt.
<../poglavja/images/ginelli-creda.png, id=584, 775.39688pt x 586.44093pt>
File: ../poglavja/images/ginelli-creda.png Graphic file (type png)
<use ../poglavja/images/ginelli-creda.png>
Package pdftex.def Info: ../poglavja/images/ginelli-creda.png  used on input li
ne 131.
(pdftex.def)             Requested size: 209.1301pt x 158.16219pt.
 [8pdfTeX warning (ext4): destination with the same identifier (name{figure.6})
 has been already used, duplicate ignored

\@EveryShipout@Output ...@Org@Shipout \box \@cclv 
                                                  
l.141 
       <../poglavja/images/stroembom-creda.png> <../poglavja/images/popravljen-
stroembom-creda.png> <../poglavja/images/ginelli-creda.png>] [9] [10pdfTeX warn
ing (ext4): destination with the same identifier (name{table.2}) has been alrea
dy used, duplicate ignored

\@EveryShipout@Output ...@Org@Shipout \box \@cclv 
                                                  
l.207 \end{align}
                 ]
<../poglavja/images/prehodi.pdf, id=615, 847.89214pt x 600.35315pt>
File: ../poglavja/images/prehodi.pdf Graphic file (type pdf)
<use ../poglavja/images/prehodi.pdf>
Package pdftex.def Info: ../poglavja/images/prehodi.pdf  used on input line 217
.
(pdftex.def)             Requested size: 256.07741pt x 181.31653pt.
) (../poglavja/voronoi.tex [11pdfTeX warning (ext4): destination with the same 
identifier (name{figure.7}) has been already used, duplicate ignored

\@EveryShipout@Output ...@Org@Shipout \box \@cclv 
                                                  
l.1 \section
            {Ro훾no razviti model vodenja psa ov훾arja} <../poglavja/images/pre
hodi.pdf>] [12

] [13]
<../poglavja/images/zbiranje.pdf, id=650, 847.89214pt x 600.35315pt>
File: ../poglavja/images/zbiranje.pdf Graphic file (type pdf)
<use ../poglavja/images/zbiranje.pdf>
Package pdftex.def Info: ../poglavja/images/zbiranje.pdf  used on input line 29
.
(pdftex.def)             Requested size: 341.43437pt x 241.74927pt.
 [14pdfTeX warning (ext4): destination with the same identifier (name{figure.8}
) has been already used, duplicate ignored

\@EveryShipout@Output ...@Org@Shipout \box \@cclv 
                                                  
l.41 \begin{align}
                   <../poglavja/images/zbiranje.pdf>]
<../poglavja/images/zadaj.pdf, id=674, 847.89214pt x 600.35315pt>
File: ../poglavja/images/zadaj.pdf Graphic file (type pdf)
<use ../poglavja/images/zadaj.pdf>
Package pdftex.def Info: ../poglavja/images/zadaj.pdf  used on input line 64.
(pdftex.def)             Requested size: 209.1301pt x 148.07257pt.
 [15]
<../poglavja/images/voronoi.pdf, id=688, 847.89214pt x 600.35315pt>
File: ../poglavja/images/voronoi.pdf Graphic file (type pdf)
<use ../poglavja/images/voronoi.pdf>
Package pdftex.def Info: ../poglavja/images/voronoi.pdf  used on input line 85.

(pdftex.def)             Requested size: 384.1096pt x 271.97023pt.
 [16pdfTeX warning (ext4): destination with the same identifier (name{figure.9}
) has been already used, duplicate ignored

\@EveryShipout@Output ...@Org@Shipout \box \@cclv 
                                                  
l.88 \end{figure}
                  <../poglavja/images/zadaj.pdf>]
<../poglavja/images/zaokrozi.pdf, id=716, 847.89214pt x 600.35315pt>
File: ../poglavja/images/zaokrozi.pdf Graphic file (type pdf)
<use ../poglavja/images/zaokrozi.pdf>
Package pdftex.def Info: ../poglavja/images/zaokrozi.pdf  used on input line 98
.
(pdftex.def)             Requested size: 384.1096pt x 271.97023pt.
 [17pdfTeX warning (ext4): destination with the same identifier (name{figure.10
}) has been already used, duplicate ignored

\@EveryShipout@Output ...@Org@Shipout \box \@cclv 
                                                  
l.101 \end{figure}
                   <../poglavja/images/voronoi.pdf>]) (../poglavja/genetski.tex
[18pdfTeX warning (ext4): destination with the same identifier (name{figure.11}
) has been already used, duplicate ignored

\@EveryShipout@Output ...@Org@Shipout \box \@cclv 
                                                  
l.1 \section
            {Model vodenja razvit z genetskim algoritmom} \label{genetski} <../
poglavja/images/zaokrozi.pdf>] [19pdfTeX warning (ext4): destination with the s
ame identifier (name{table.3}) has been already used, duplicate ignored

\@EveryShipout@Output ...@Org@Shipout \box \@cclv 
                                                  
l.1 \section
            {Model vodenja razvit z genetskim algoritmom} \label{genetski}]
[20

] [21]
<../poglavja/images/genetski.pdf, id=869, 847.89214pt x 600.35315pt>
File: ../poglavja/images/genetski.pdf Graphic file (type pdf)
<use ../poglavja/images/genetski.pdf>
Package pdftex.def Info: ../poglavja/images/genetski.pdf  used on input line 34
.
(pdftex.def)             Requested size: 384.1096pt x 271.97023pt.
 [22]
<../poglavja/images/parjenje.pdf, id=877, 325.9377pt x 248.6088pt>
File: ../poglavja/images/parjenje.pdf Graphic file (type pdf)
<use ../poglavja/images/parjenje.pdf>
Package pdftex.def Info: ../poglavja/images/parjenje.pdf  used on input line 47
.
(pdftex.def)             Requested size: 213.39568pt x 162.77354pt.
 [23pdfTeX warning (ext4): destination with the same identifier (name{figure.12
}) has been already used, duplicate ignored

\@EveryShipout@Output ...@Org@Shipout \box \@cclv 
                                                  
l.57 
     pdfTeX warning (ext4): destination with the same identifier (name{figure.1
3}) has been already used, duplicate ignored

\@EveryShipout@Output ...@Org@Shipout \box \@cclv 
                                                  
l.57 
      <../poglavja/images/genetski.pdf> <../poglavja/images/parjenje.pdf

pdfTeX warning: pdflatex.exe (file ../poglavja/images/parjenje.pdf): PDF inclus
ion: multiple pdfs with page group included in a single page
>] [24]
Package hyperref Info: bookmark level for unknown algorithm defaults to 0 on in
put line 95.
) (../poglavja/adaptivni.tex [25pdfTeX warning (ext4): destination with the sam
e identifier (name{table.4}) has been already used, duplicate ignored

\@EveryShipout@Output ...@Org@Shipout \box \@cclv 
                                                  
l.1 \section
            {Model vodenja z adaptivnim genom}] [26

]
<../poglavja/images/reinforcement.pdf, id=1136, 847.89214pt x 600.35315pt>
File: ../poglavja/images/reinforcement.pdf Graphic file (type pdf)
<use ../poglavja/images/reinforcement.pdf>
Package pdftex.def Info: ../poglavja/images/reinforcement.pdf  used on input li
ne 13.
(pdftex.def)             Requested size: 298.75264pt x 211.52832pt.
 [27pdfTeX warning (ext4): destination with the same identifier (name{figure.14
}) has been already used, duplicate ignored

\@EveryShipout@Output ...@Org@Shipout \box \@cclv 
                                                  
l.19 
      <../poglavja/images/reinforcement.pdf>] [28] [29] [30]
<../poglavja/images/zarki.png, id=1174, 941.76843pt x 580.41844pt>
File: ../poglavja/images/zarki.png Graphic file (type png)
<use ../poglavja/images/zarki.png>
Package pdftex.def Info: ../poglavja/images/zarki.png  used on input line 108.
(pdftex.def)             Requested size: 341.43437pt x 210.4295pt.
)
(../poglavja/program.tex [31] [32pdfTeX warning (ext4): destination with the sa
me identifier (name{figure.15}) has been already used, duplicate ignored

\@EveryShipout@Output ...@Org@Shipout \box \@cclv 
                                                  
l.1 \section
            {Program iOv훾ar IZIDOR} <../poglavja/images/zarki.png>]
LaTeX Font Info:    Trying to load font information for T1+cmtt on input line 3
.

("C:\Program Files\MiKTeX 2.9\tex/latex/base\t1cmtt.fd"
File: t1cmtt.fd 2019/12/16 v2.5j Standard LaTeX font definitions
)
<../poglavja/images/obicajen-pogled.png, id=1189, 1049.42062pt x 592.46344pt>
File: ../poglavja/images/obicajen-pogled.png Graphic file (type png)
<use ../poglavja/images/obicajen-pogled.png>
Package pdftex.def Info: ../poglavja/images/obicajen-pogled.png  used on input 
line 9.
(pdftex.def)             Requested size: 298.75264pt x 168.66399pt.
<../poglavja/images/meni.png, id=1190, 1047.16219pt x 592.46344pt>
File: ../poglavja/images/meni.png Graphic file (type png)
<use ../poglavja/images/meni.png>
Package pdftex.def Info: ../poglavja/images/meni.png  used on input line 16.
(pdftex.def)             Requested size: 341.43437pt x 193.1721pt.
)
(../poglavja/rezultati.tex [33

pdfTeX warning (ext4): destination with the same identifier (name{figure.16}) h
as been already used, duplicate ignored

\@EveryShipout@Output ...@Org@Shipout \box \@cclv 
                                                  
l.1 \section
            {Rezultati}pdfTeX warning (ext4): destination with the same identif
ier (name{figure.17}) has been already used, duplicate ignored

\@EveryShipout@Output ...@Org@Shipout \box \@cclv 
                                                  
l.1 \section
            {Rezultati} <../poglavja/images/obicajen-pogled.png> <../poglavja/i
mages/meni.png>] [34

]
<../poglavja/grafi/prezivetvena-Voronoi.pdf, id=1206, 867.24pt x 289.08pt>
File: ../poglavja/grafi/prezivetvena-Voronoi.pdf Graphic file (type pdf)
<use ../poglavja/grafi/prezivetvena-Voronoi.pdf>
Package pdftex.def Info: ../poglavja/grafi/prezivetvena-Voronoi.pdf  used on in
put line 7.
(pdftex.def)             Requested size: 426.79135pt x 142.26357pt.
<../poglavja/grafi/Ginelli-evolucija-Fitness.pdf, id=1214, 722.7pt x 505.89pt>
File: ../poglavja/grafi/Ginelli-evolucija-Fitness.pdf Graphic file (type pdf)
<use ../poglavja/grafi/Ginelli-evolucija-Fitness.pdf>
Package pdftex.def Info: ../poglavja/grafi/Ginelli-evolucija-Fitness.pdf  used 
on input line 22.
(pdftex.def)             Requested size: 385.33392pt x 269.72801pt.
<../poglavja/grafi/Stroembom-evolucija-Fitness.pdf, id=1215, 722.7pt x 505.89pt
>
File: ../poglavja/grafi/Stroembom-evolucija-Fitness.pdf Graphic file (type pdf)

<use ../poglavja/grafi/Stroembom-evolucija-Fitness.pdf>
Package pdftex.def Info: ../poglavja/grafi/Stroembom-evolucija-Fitness.pdf  use
d on input line 23.
(pdftex.def)             Requested size: 385.33392pt x 269.72801pt.
 [35pdfTeX warning (ext4): destination with the same identifier (name{figure.18
}) has been already used, duplicate ignored

\@EveryShipout@Output ...@Org@Shipout \box \@cclv 
                                                  
l.27 
      <../poglavja/grafi/prezivetvena-Voronoi.pdf>]
<../poglavja/grafi/Ginelli-evolucija-MaxT.pdf, id=1264, 722.7pt x 505.89pt>
File: ../poglavja/grafi/Ginelli-evolucija-MaxT.pdf Graphic file (type pdf)
<use ../poglavja/grafi/Ginelli-evolucija-MaxT.pdf>
Package pdftex.def Info: ../poglavja/grafi/Ginelli-evolucija-MaxT.pdf  used on 
input line 30.
(pdftex.def)             Requested size: 385.33392pt x 269.72801pt.
<../poglavja/grafi/Stroembom-evolucija-MaxT.pdf, id=1265, 722.7pt x 505.89pt>
File: ../poglavja/grafi/Stroembom-evolucija-MaxT.pdf Graphic file (type pdf)
<use ../poglavja/grafi/Stroembom-evolucija-MaxT.pdf>
Package pdftex.def Info: ../poglavja/grafi/Stroembom-evolucija-MaxT.pdf  used o
n input line 31.
(pdftex.def)             Requested size: 385.33392pt x 269.72801pt.

Underfull \vbox (badness 10000) has occurred while \output is active []

 [36pdfTeX warning (ext4): destination with the same identifier (name{figure.19
}) has been already used, duplicate ignored

\@EveryShipout@Output ...@Org@Shipout \box \@cclv 
                                                  
l.35 
      <../poglavja/grafi/Ginelli-evolucija-Fitness.pdf> <../poglavja/grafi/Stro
embom-evolucija-Fitness.pdf

pdfTeX warning: pdflatex.exe (file ../poglavja/grafi/Stroembom-evolucija-Fitnes
s.pdf): PDF inclusion: multiple pdfs with page group included in a single page
>]
<../poglavja/grafi/Ginelli-evolucija-Uspeh.pdf, id=1974, 722.7pt x 505.89pt>
File: ../poglavja/grafi/Ginelli-evolucija-Uspeh.pdf Graphic file (type pdf)
<use ../poglavja/grafi/Ginelli-evolucija-Uspeh.pdf>
Package pdftex.def Info: ../poglavja/grafi/Ginelli-evolucija-Uspeh.pdf  used on
 input line 38.
(pdftex.def)             Requested size: 385.33392pt x 269.72801pt.
<../poglavja/grafi/Stroembom-evolucija-Uspeh.pdf, id=1975, 722.7pt x 505.89pt>
File: ../poglavja/grafi/Stroembom-evolucija-Uspeh.pdf Graphic file (type pdf)
<use ../poglavja/grafi/Stroembom-evolucija-Uspeh.pdf>
Package pdftex.def Info: ../poglavja/grafi/Stroembom-evolucija-Uspeh.pdf  used 
on input line 39.
(pdftex.def)             Requested size: 385.33392pt x 269.72801pt.

Underfull \vbox (badness 10000) has occurred while \output is active []

 [37pdfTeX warning (ext4): destination with the same identifier (name{figure.20
}) has been already used, duplicate ignored

\@EveryShipout@Output ...@Org@Shipout \box \@cclv 
                                                  
l.43 
      <../poglavja/grafi/Ginelli-evolucija-MaxT.pdf> <../poglavja/grafi/Stroemb
om-evolucija-MaxT.pdf

pdfTeX warning: pdflatex.exe (file ../poglavja/grafi/Stroembom-evolucija-MaxT.p
df): PDF inclusion: multiple pdfs with page group included in a single page
>]
<../poglavja/grafi/Ginelli-evolucija-Gen2.pdf, id=2679, 722.7pt x 505.89pt>
File: ../poglavja/grafi/Ginelli-evolucija-Gen2.pdf Graphic file (type pdf)
<use ../poglavja/grafi/Ginelli-evolucija-Gen2.pdf>
Package pdftex.def Info: ../poglavja/grafi/Ginelli-evolucija-Gen2.pdf  used on 
input line 46.
(pdftex.def)             Requested size: 385.33392pt x 269.72801pt.

Underfull \vbox (badness 10000) has occurred while \output is active []

 [38pdfTeX warning (ext4): destination with the same identifier (name{figure.21
}) has been already used, duplicate ignored

\@EveryShipout@Output ...@Org@Shipout \box \@cclv 
                                                  
l.50 
      <../poglavja/grafi/Ginelli-evolucija-Uspeh.pdf> <../poglavja/grafi/Stroem
bom-evolucija-Uspeh.pdf

pdfTeX warning: pdflatex.exe (file ../poglavja/grafi/Stroembom-evolucija-Uspeh.
pdf): PDF inclusion: multiple pdfs with page group included in a single page
>]
<../poglavja/grafi/geni-1-4.pdf, id=3390, 650.43pt x 650.43pt>
File: ../poglavja/grafi/geni-1-4.pdf Graphic file (type pdf)
<use ../poglavja/grafi/geni-1-4.pdf>
Package pdftex.def Info: ../poglavja/grafi/geni-1-4.pdf  used on input line 57.

(pdftex.def)             Requested size: 426.79135pt x 426.80394pt.

Underfull \vbox (badness 10000) has occurred while \output is active []

 [39pdfTeX warning (ext4): destination with the same identifier (name{figure.22
}) has been already used, duplicate ignored

\@EveryShipout@Output ...@Org@Shipout \box \@cclv 
                                                  
l.61 
      <../poglavja/grafi/Ginelli-evolucija-Gen2.pdf>]
<../poglavja/grafi/lokacijeAI1.pdf, id=3747, 722.7pt x 693.792pt>
File: ../poglavja/grafi/lokacijeAI1.pdf Graphic file (type pdf)
<use ../poglavja/grafi/lokacijeAI1.pdf>
Package pdftex.def Info: ../poglavja/grafi/lokacijeAI1.pdf  used on input line 
64.
(pdftex.def)             Requested size: 426.79135pt x 409.72542pt.

Underfull \vbox (badness 10000) has occurred while \output is active []

 [40pdfTeX warning (ext4): destination with the same identifier (name{figure.23
}) has been already used, duplicate ignored

\@EveryShipout@Output ...@Org@Shipout \box \@cclv 
                                                  
l.68 
      <../poglavja/grafi/geni-1-4.pdf>]
<../poglavja/grafi/donosnostAI2.pdf, id=3805, 446.62859pt x 296.307pt>
File: ../poglavja/grafi/donosnostAI2.pdf Graphic file (type pdf)
<use ../poglavja/grafi/donosnostAI2.pdf>
Package pdftex.def Info: ../poglavja/grafi/donosnostAI2.pdf  used on input line
 75.
(pdftex.def)             Requested size: 209.1301pt x 138.73984pt.
<../poglavja/grafi/nagradeAI2.pdf, id=3806, 412.6617pt x 268.84439pt>
File: ../poglavja/grafi/nagradeAI2.pdf Graphic file (type pdf)
<use ../poglavja/grafi/nagradeAI2.pdf>
Package pdftex.def Info: ../poglavja/grafi/nagradeAI2.pdf  used on input line 7
5.
(pdftex.def)             Requested size: 209.1301pt x 136.24326pt.

Underfull \vbox (badness 10000) has occurred while \output is active []

 [41pdfTeX warning (ext4): destination with the same identifier (name{figure.24
}) has been already used, duplicate ignored

\@EveryShipout@Output ...@Org@Shipout \box \@cclv 
                                                  
l.79 
      <../poglavja/grafi/lokacijeAI1.pdf>]
<../poglavja/grafi/povp60s.pdf, id=3843, 722.7pt x 289.08pt>
File: ../poglavja/grafi/povp60s.pdf Graphic file (type pdf)
<use ../poglavja/grafi/povp60s.pdf>
Package pdftex.def Info: ../poglavja/grafi/povp60s.pdf  used on input line 88.
(pdftex.def)             Requested size: 426.79135pt x 170.71892pt.
<../poglavja/grafi/povp180s.pdf, id=3844, 722.7pt x 289.08pt>
File: ../poglavja/grafi/povp180s.pdf Graphic file (type pdf)
<use ../poglavja/grafi/povp180s.pdf>
Package pdftex.def Info: ../poglavja/grafi/povp180s.pdf  used on input line 89.

(pdftex.def)             Requested size: 426.79135pt x 170.71892pt.
<../poglavja/grafi/cas.pdf, id=3845, 722.7pt x 289.08pt>
File: ../poglavja/grafi/cas.pdf Graphic file (type pdf)
<use ../poglavja/grafi/cas.pdf>
Package pdftex.def Info: ../poglavja/grafi/cas.pdf  used on input line 96.
(pdftex.def)             Requested size: 426.79135pt x 170.71892pt.
<../poglavja/grafi/zakljucene.pdf, id=3846, 722.7pt x 289.08pt>
File: ../poglavja/grafi/zakljucene.pdf Graphic file (type pdf)
<use ../poglavja/grafi/zakljucene.pdf>
Package pdftex.def Info: ../poglavja/grafi/zakljucene.pdf  used on input line 9
7.
(pdftex.def)             Requested size: 426.79135pt x 170.71892pt.
<../poglavja/grafi/1-Ginelli.pdf, id=3847, 722.7pt x 289.08pt>
File: ../poglavja/grafi/1-Ginelli.pdf Graphic file (type pdf)
<use ../poglavja/grafi/1-Ginelli.pdf>
Package pdftex.def Info: ../poglavja/grafi/1-Ginelli.pdf  used on input line 10
4.
(pdftex.def)             Requested size: 426.79135pt x 170.71892pt.
 [42pdfTeX warning (ext4): destination with the same identifier (name{figure.25
}) has been already used, duplicate ignored

\@EveryShipout@Output ...@Org@Shipout \box \@cclv 
                                                  
l.113 I
       deja sodelovanja ov훾arjev se je izkazala za dobro vsaj pri ovcah po ...
 <../poglavja/grafi/donosnostAI2.pdf> <../poglavja/grafi/nagradeAI2.pdf

pdfTeX warning: pdflatex.exe (file ../poglavja/grafi/nagradeAI2.pdf): PDF inclu
sion: multiple pdfs with page group included in a single page
>]) (../poglavja/zakljucek.tex [43pdfTeX warning (ext4): destination with the s
ame identifier (name{figure.26}) has been already used, duplicate ignored

\@EveryShipout@Output ...@Org@Shipout \box \@cclv 
                                                  
l.1 \section
            {Zaklju훾ek} <../poglavja/grafi/povp60s.pdf> <../poglavja/grafi/pov
p180s.pdf

pdfTeX warning: pdflatex.exe (file ../poglavja/grafi/povp180s.pdf): PDF inclusi
on: multiple pdfs with page group included in a single page
>] [44pdfTeX warning (ext4): destination with the same identifier (name{figure.
27}) has been already used, duplicate ignored

\@EveryShipout@Output ...@Org@Shipout \box \@cclv 
                                                  
l.1 \section
            {Zaklju훾ek}pdfTeX warning (ext4): destination with the same identi
fier (name{figure.28}) has been already used, duplicate ignored

\@EveryShipout@Output ...@Org@Shipout \box \@cclv 
                                                  
l.1 \section
            {Zaklju훾ek} <../poglavja/grafi/cas.pdf> <../poglavja/grafi/zakljuc
ene.pdf

pdfTeX warning: pdflatex.exe (file ../poglavja/grafi/zakljucene.pdf): PDF inclu
sion: multiple pdfs with page group included in a single page
> <../poglavja/grafi/1-Ginelli.pdf

pdfTeX warning: pdflatex.exe (file ../poglavja/grafi/1-Ginelli.pdf): PDF inclus
ion: multiple pdfs with page group included in a single page
>]) [45

] [46

] (magisterij.bblpdfTeX warning (ext4): destination with the same identifier (n
ame{cite.Ginelli}) has been already used, duplicate ignored
<to be read again> 
                   \relax 
l.30 \bibitem{Ginelli}
                      
Underfull \hbox (badness 2617) in paragraph at lines 41--43
[]\T1/cmr/m/it/12 O kra-쾒vcu\T1/cmr/m/n/12 , [ogled 1. 2. 2021], do-sto-pno na
 [][]$\T1/cmtt/m/n/12 http : / / www . dlvkos . si /
 []


Underfull \hbox (badness 1292) in paragraph at lines 54--57
[]\T1/cmr/m/it/12 Drone-based bird-herding is ta-king off\T1/cmr/m/n/12 , [ogle
d 1. 2. 2021], do-sto-pno na
 []


Underfull \hbox (badness 10000) in paragraph at lines 54--57
[][]$\T1/cmtt/m/n/12 https : / / insideunmannedsystems . com / drone-[]based-[]
bird-[]herding-[] \
 []


Underfull \hbox (badness 1596) in paragraph at lines 63--65
[]\T1/cmr/m/it/12 Da ptica ne bi skla-tila je-klene ptice\T1/cmr/m/n/12 , [ogle
d 1. 2. 2021], do-sto-pno na
 []


Underfull \hbox (badness 10000) in paragraph at lines 63--65
[][]$\T1/cmtt/m/n/12 https : / / www . 24ur . com / novice / slovenija / da-[]p
tica-[]ne-[]bi-[]sklatila-[] \
 []


Underfull \hbox (badness 1852) in paragraph at lines 68--70
[]\T1/cmr/m/it/12 Preiskava raz-krila: Ne-sre즣 bo-e-inga 737, v ka-teri je umr
lo 157 ljudi,
 []


Underfull \hbox (badness 2735) in paragraph at lines 68--70
\T1/cmr/m/it/12 pov-zro-즜le ptice!\T1/cmr/m/n/12 , [ogled 1. 2. 2021], do-sto-
pno na [][]$\T1/cmtt/m/n/12 https : / / nova24tv .
 []


Underfull \hbox (badness 10000) in paragraph at lines 68--70
\T1/cmtt/m/n/12 si / svet / preiskava-[]razkrila-[]nesreco-[]boeinga-[]737-[]v-
[]kateri-[]je-[] \
 []

[47

]
Underfull \hbox (badness 1331) in paragraph at lines 99--102
[]\T1/cmr/m/it/12 A ro-bot shee-pdog? `no one wants this,' says one she-pherd\T
1/cmr/m/n/12 , [ogled 1.
 []

pdfTeX warning (ext4): destination with the same identifier (name{cite.natureOf
Code}) has been already used, duplicate ignored
<to be read again> 
                   \relax 
l.111 \bibitem{natureOfCode}
                            pdfTeX warning (ext4): destination with the same id
entifier (name{cite.Stroembom}) has been already used, duplicate ignored
<to be read again> 
                   \relax 
l.114 \bibitem{Stroembom}
                         ) [48]
No file magisterij.ind.
Package atveryend Info: Empty hook `BeforeClearDocument' on input line 225.
Package atveryend Info: Empty hook `AfterLastShipout' on input line 225.
(magisterij.aux)
Package atveryend Info: Executing hook `AtVeryEndDocument' on input line 225.
Package atveryend Info: Executing hook `AtEndAfterFileList' on input line 225.
Package rerunfilecheck Info: File `magisterij.out' has not changed.
(rerunfilecheck)             Checksum: 9A2AF67074A7FF82697B047732AAC043;5481.
Package atveryend Info: Empty hook `AtVeryVeryEnd' on input line 225.
 ) 
Here is how much of TeX's memory you used:
 16036 strings out of 480930
 232344 string characters out of 2909556
 482976 words of memory out of 3000000
 31336 multiletter control sequences out of 15000+200000
 549136 words of font info for 69 fonts, out of 3000000 for 9000
 1141 hyphenation exceptions out of 8191
 44i,14n,49p,1420b,2342s stack positions out of 5000i,500n,10000p,200000b,50000s
 <C:\Users\HP\AppData\Local\MiKTeX\2.9\fonts/pk/ljfour/jknappen/ec/dpi600\ect
t1200.pk> <C:\Users\HP\AppData\Local\MiKTeX\2.9\fonts/pk/ljfour/jknappen/ec/dpi
600\ectt1000.pk> <C:\Users\HP\AppData\Local\MiKTeX\2.9\fonts/pk/ljfour/jknappen
/ec/dpi600\ecrm0700.pk> <C:\Users\HP\AppData\Local\MiKTeX\2.9\fonts/pk/ljfour/j
knappen/ec/dpi600\ecrm0800.pk> <C:\Users\HP\AppData\Local\MiKTeX\2.9\fonts/pk/l
jfour/jknappen/ec/dpi600\ecrm1000.pk> <C:\Users\HP\AppData\Local\MiKTeX\2.9\fon
ts/pk/ljfour/jknappen/ec/dpi600\ecbx1440.pk> <C:\Users\HP\AppData\Local\MiKTeX\
2.9\fonts/pk/ljfour/jknappen/ec/dpi600\eccc1200.pk> <C:\Users\HP\AppData\Local\
MiKTeX\2.9\fonts/pk/ljfour/jknappen/ec/dpi600\ecti1200.pk> <C:\Users\HP\AppData
\Local\MiKTeX\2.9\fonts/pk/ljfour/jknappen/ec/dpi600\ecbx1200.pk> <C:\Users\HP\
AppData\Local\MiKTeX\2.9\fonts/pk/ljfour/jknappen/ec/dpi600\ecrm1200.pk> <C:\Us
ers\HP\AppData\Local\MiKTeX\2.9\fonts/pk/ljfour/jknappen/ec/dpi600\ecbx1728.pk>
 <C:\Users\HP\AppData\Local\MiKTeX\2.9\fonts/pk/ljfour/jknappen/ec/dpi600\ecrm1
440.pk><C:/Program Files/MiKTeX 2.9/fonts/type1/public/amsfonts/cm/cmex10.pfb><
C:/Program Files/MiKTeX 2.9/fonts/type1/public/amsfonts/cm/cmmi12.pfb><C:/Progr
am Files/MiKTeX 2.9/fonts/type1/public/amsfonts/cm/cmmi6.pfb><C:/Program Files/
MiKTeX 2.9/fonts/type1/public/amsfonts/cm/cmmi8.pfb><C:/Program Files/MiKTeX 2.
9/fonts/type1/public/amsfonts/cm/cmr12.pfb><C:/Program Files/MiKTeX 2.9/fonts/t
ype1/public/amsfonts/cm/cmr6.pfb><C:/Program Files/MiKTeX 2.9/fonts/type1/publi
c/amsfonts/cm/cmr8.pfb><C:/Program Files/MiKTeX 2.9/fonts/type1/public/amsfonts
/cm/cmsy10.pfb><C:/Program Files/MiKTeX 2.9/fonts/type1/public/amsfonts/cm/cmsy
8.pfb>
Output written on magisterij.pdf (60 pages, 8212788 bytes).
PDF statistics:
 4912 PDF objects out of 5155 (max. 8388607)
 206 named destinations out of 1000 (max. 500000)
 625 words of extra memory for PDF output out of 10000 (max. 10000000)

